2024-06-09T19:08:19.488-03:00  INFO 39072 --- [msclientes] [main] o.y.m.MsclientesApplicationTests         : Starting MsclientesApplicationTests using Java 17.0.10 with PID 39072 (started by yasmi in C:\Users\yasmi\OneDrive\Documentos\udemy-java-springboot\curso-microservices\projeto-cursoms\msclientes)
2024-06-09T19:08:19.514-03:00  INFO 39072 --- [msclientes] [main] o.y.m.MsclientesApplicationTests         : No active profile set, falling back to 1 default profile: "default"
2024-06-09T19:08:24.728-03:00  INFO 39072 --- [msclientes] [main] .s.d.r.c.RepositoryConfigurationDelegate : Bootstrapping Spring Data JPA repositories in DEFAULT mode.
2024-06-09T19:08:25.126-03:00  INFO 39072 --- [msclientes] [main] .s.d.r.c.RepositoryConfigurationDelegate : Finished Spring Data repository scanning in 334 ms. Found 1 JPA repository interface.
2024-06-09T19:08:26.023-03:00  INFO 39072 --- [msclientes] [main] o.s.cloud.context.scope.GenericScope     : BeanFactory id=84cd2e54-ceb8-3132-af37-33e93f69e665
2024-06-09T19:08:27.724-03:00  WARN 39072 --- [msclientes] [main] trationDelegate$BeanPostProcessorChecker : Bean 'org.springframework.cloud.client.loadbalancer.LoadBalancerAutoConfiguration$DeferringLoadBalancerInterceptorConfig' of type [org.springframework.cloud.client.loadbalancer.LoadBalancerAutoConfiguration$DeferringLoadBalancerInterceptorConfig] is not eligible for getting processed by all BeanPostProcessors (for example: not eligible for auto-proxying). The currently created BeanPostProcessor [lbRestClientPostProcessor] is declared through a non-static factory method on that class; consider declaring it as static instead.
2024-06-09T19:08:27.735-03:00  WARN 39072 --- [msclientes] [main] trationDelegate$BeanPostProcessorChecker : Bean 'deferringLoadBalancerInterceptor' of type [org.springframework.cloud.client.loadbalancer.DeferringLoadBalancerInterceptor] is not eligible for getting processed by all BeanPostProcessors (for example: not eligible for auto-proxying). Is this bean getting eagerly injected into a currently created BeanPostProcessor [lbRestClientPostProcessor]? Check the corresponding BeanPostProcessor declaration and its dependencies.
2024-06-09T19:08:28.592-03:00  INFO 39072 --- [msclientes] [main] com.zaxxer.hikari.HikariDataSource       : HikariPool-1 - Starting...
2024-06-09T19:08:29.617-03:00  INFO 39072 --- [msclientes] [main] com.zaxxer.hikari.pool.HikariPool        : HikariPool-1 - Added connection conn0: url=jdbc:h2:mem:8763ead2-2139-4c57-804b-e313949ac79c user=SA
2024-06-09T19:08:29.627-03:00  INFO 39072 --- [msclientes] [main] com.zaxxer.hikari.HikariDataSource       : HikariPool-1 - Start completed.
2024-06-09T19:08:29.798-03:00  INFO 39072 --- [msclientes] [main] o.hibernate.jpa.internal.util.LogHelper  : HHH000204: Processing PersistenceUnitInfo [name: default]
2024-06-09T19:08:31.091-03:00  INFO 39072 --- [msclientes] [main] org.hibernate.Version                    : HHH000412: Hibernate ORM core version 6.5.2.Final
2024-06-09T19:08:31.185-03:00  INFO 39072 --- [msclientes] [main] o.h.c.internal.RegionFactoryInitiator    : HHH000026: Second-level cache disabled
2024-06-09T19:08:31.977-03:00  INFO 39072 --- [msclientes] [main] o.s.o.j.p.SpringPersistenceUnitInfo      : No LoadTimeWeaver setup: ignoring JPA class transformer
2024-06-09T19:08:33.753-03:00  INFO 39072 --- [msclientes] [main] o.h.e.t.j.p.i.JtaPlatformInitiator       : HHH000489: No JTA platform available (set 'hibernate.transaction.jta.platform' to enable JTA platform integration)
2024-06-09T19:08:33.816-03:00  INFO 39072 --- [msclientes] [main] j.LocalContainerEntityManagerFactoryBean : Initialized JPA EntityManagerFactory for persistence unit 'default'
2024-06-09T19:08:35.583-03:00  WARN 39072 --- [msclientes] [main] JpaBaseConfiguration$JpaWebConfiguration : spring.jpa.open-in-view is enabled by default. Therefore, database queries may be performed during view rendering. Explicitly configure spring.jpa.open-in-view to disable this warning
2024-06-09T19:08:38.908-03:00  INFO 39072 --- [msclientes] [main] DiscoveryClientOptionalArgsConfiguration : Eureka HTTP Client uses RestTemplate.
2024-06-09T19:08:39.068-03:00  WARN 39072 --- [msclientes] [main] iguration$LoadBalancerCaffeineWarnLogger : Spring Cloud LoadBalancer is currently working with the default cache. While this cache implementation is useful for development and tests, it's recommended to use Caffeine cache in production.You can switch to using Caffeine cache, by adding it and org.springframework.cache.caffeine.CaffeineCacheManager to the classpath.
2024-06-09T19:08:39.091-03:00  INFO 39072 --- [msclientes] [main] o.s.b.a.e.web.EndpointLinksResolver      : Exposing 18 endpoints beneath base path '/actuator'
2024-06-09T19:08:39.326-03:00  INFO 39072 --- [msclientes] [main] o.y.m.MsclientesApplicationTests         : Started MsclientesApplicationTests in 21.809 seconds (process running for 25.941)
2024-06-09T19:08:40.528-03:00  INFO 39072 --- [msclientes] [SpringApplicationShutdownHook] o.s.c.n.eureka.InstanceInfoFactory       : Setting initial instance status as: STARTING
2024-06-09T19:08:40.531-03:00  INFO 39072 --- [msclientes] [SpringApplicationShutdownHook] o.s.c.n.e.s.EurekaServiceRegistry        : Unregistering application MSCLIENTES with eureka with status DOWN
2024-06-09T19:08:40.546-03:00  INFO 39072 --- [msclientes] [SpringApplicationShutdownHook] j.LocalContainerEntityManagerFactoryBean : Closing JPA EntityManagerFactory for persistence unit 'default'
2024-06-09T19:08:40.563-03:00  INFO 39072 --- [msclientes] [SpringApplicationShutdownHook] com.zaxxer.hikari.HikariDataSource       : HikariPool-1 - Shutdown initiated...
2024-06-09T19:08:40.571-03:00  INFO 39072 --- [msclientes] [SpringApplicationShutdownHook] com.zaxxer.hikari.HikariDataSource       : HikariPool-1 - Shutdown completed.
