2024-06-09T19:08:53.304-03:00  INFO 30848 --- [mscartoes] [main] o.y.mscartoes.MscartoesApplicationTests  : Starting MscartoesApplicationTests using Java 17.0.10 with PID 30848 (started by yasmi in C:\Users\yasmi\OneDrive\Documentos\udemy-java-springboot\curso-microservices\projeto-cursoms\mscartoes)
2024-06-09T19:08:53.454-03:00  INFO 30848 --- [mscartoes] [main] o.y.mscartoes.MscartoesApplicationTests  : No active profile set, falling back to 1 default profile: "default"
2024-06-09T19:08:57.308-03:00  INFO 30848 --- [mscartoes] [main] .s.d.r.c.RepositoryConfigurationDelegate : Bootstrapping Spring Data JPA repositories in DEFAULT mode.
2024-06-09T19:08:57.660-03:00  INFO 30848 --- [mscartoes] [main] .s.d.r.c.RepositoryConfigurationDelegate : Finished Spring Data repository scanning in 322 ms. Found 2 JPA repository interfaces.
2024-06-09T19:08:58.341-03:00  INFO 30848 --- [mscartoes] [main] o.s.cloud.context.scope.GenericScope     : BeanFactory id=440755ca-0c7b-393e-9dfa-4efbb0273dfb
2024-06-09T19:08:59.246-03:00  WARN 30848 --- [mscartoes] [main] trationDelegate$BeanPostProcessorChecker : Bean 'org.springframework.cloud.client.loadbalancer.LoadBalancerAutoConfiguration$DeferringLoadBalancerInterceptorConfig' of type [org.springframework.cloud.client.loadbalancer.LoadBalancerAutoConfiguration$DeferringLoadBalancerInterceptorConfig] is not eligible for getting processed by all BeanPostProcessors (for example: not eligible for auto-proxying). The currently created BeanPostProcessor [lbRestClientPostProcessor] is declared through a non-static factory method on that class; consider declaring it as static instead.
2024-06-09T19:08:59.256-03:00  WARN 30848 --- [mscartoes] [main] trationDelegate$BeanPostProcessorChecker : Bean 'deferringLoadBalancerInterceptor' of type [org.springframework.cloud.client.loadbalancer.DeferringLoadBalancerInterceptor] is not eligible for getting processed by all BeanPostProcessors (for example: not eligible for auto-proxying). Is this bean getting eagerly injected into a currently created BeanPostProcessor [lbRestClientPostProcessor]? Check the corresponding BeanPostProcessor declaration and its dependencies.
2024-06-09T19:08:59.846-03:00  INFO 30848 --- [mscartoes] [main] com.zaxxer.hikari.HikariDataSource       : HikariPool-1 - Starting...
2024-06-09T19:09:00.374-03:00  INFO 30848 --- [mscartoes] [main] com.zaxxer.hikari.pool.HikariPool        : HikariPool-1 - Added connection conn0: url=jdbc:h2:mem:6429c827-ba62-441f-bb8e-ea3d21e949e0 user=SA
2024-06-09T19:09:00.378-03:00  INFO 30848 --- [mscartoes] [main] com.zaxxer.hikari.HikariDataSource       : HikariPool-1 - Start completed.
2024-06-09T19:09:00.513-03:00  INFO 30848 --- [mscartoes] [main] o.hibernate.jpa.internal.util.LogHelper  : HHH000204: Processing PersistenceUnitInfo [name: default]
2024-06-09T19:09:00.696-03:00  INFO 30848 --- [mscartoes] [main] org.hibernate.Version                    : HHH000412: Hibernate ORM core version 6.5.2.Final
2024-06-09T19:09:00.771-03:00  INFO 30848 --- [mscartoes] [main] o.h.c.internal.RegionFactoryInitiator    : HHH000026: Second-level cache disabled
2024-06-09T19:09:01.596-03:00  INFO 30848 --- [mscartoes] [main] o.s.o.j.p.SpringPersistenceUnitInfo      : No LoadTimeWeaver setup: ignoring JPA class transformer
2024-06-09T19:09:03.383-03:00  INFO 30848 --- [mscartoes] [main] o.h.e.t.j.p.i.JtaPlatformInitiator       : HHH000489: No JTA platform available (set 'hibernate.transaction.jta.platform' to enable JTA platform integration)
2024-06-09T19:09:03.473-03:00  INFO 30848 --- [mscartoes] [main] j.LocalContainerEntityManagerFactoryBean : Initialized JPA EntityManagerFactory for persistence unit 'default'
2024-06-09T19:09:05.166-03:00  WARN 30848 --- [mscartoes] [main] JpaBaseConfiguration$JpaWebConfiguration : spring.jpa.open-in-view is enabled by default. Therefore, database queries may be performed during view rendering. Explicitly configure spring.jpa.open-in-view to disable this warning
2024-06-09T19:09:08.746-03:00  INFO 30848 --- [mscartoes] [main] DiscoveryClientOptionalArgsConfiguration : Eureka HTTP Client uses RestTemplate.
2024-06-09T19:09:08.960-03:00  WARN 30848 --- [mscartoes] [main] iguration$LoadBalancerCaffeineWarnLogger : Spring Cloud LoadBalancer is currently working with the default cache. While this cache implementation is useful for development and tests, it's recommended to use Caffeine cache in production.You can switch to using Caffeine cache, by adding it and org.springframework.cache.caffeine.CaffeineCacheManager to the classpath.
2024-06-09T19:09:08.984-03:00  INFO 30848 --- [mscartoes] [main] o.s.b.a.e.web.EndpointLinksResolver      : Exposing 18 endpoints beneath base path '/actuator'
2024-06-09T19:09:09.221-03:00  INFO 30848 --- [mscartoes] [main] o.s.a.r.c.CachingConnectionFactory       : Attempting to connect to: [localhost:5672]
2024-06-09T19:09:09.240-03:00  INFO 30848 --- [mscartoes] [main] o.s.a.r.l.SimpleMessageListenerContainer : Broker not available; cannot force queue declarations during start: java.net.ConnectException: Connection refused: no further information
2024-06-09T19:09:09.259-03:00  INFO 30848 --- [mscartoes] [org.springframework.amqp.rabbit.RabbitListenerEndpointContainer#0-1] o.s.a.r.c.CachingConnectionFactory       : Attempting to connect to: [localhost:5672]
2024-06-09T19:09:09.305-03:00  INFO 30848 --- [mscartoes] [main] o.y.mscartoes.MscartoesApplicationTests  : Started MscartoesApplicationTests in 17.746 seconds (process running for 20.357)
2024-06-09T19:09:10.529-03:00  INFO 30848 --- [mscartoes] [SpringApplicationShutdownHook] o.s.c.n.eureka.InstanceInfoFactory       : Setting initial instance status as: STARTING
2024-06-09T19:09:10.532-03:00  INFO 30848 --- [mscartoes] [SpringApplicationShutdownHook] o.s.c.n.e.s.EurekaServiceRegistry        : Unregistering application MSCARTOES with eureka with status DOWN
2024-06-09T19:09:10.554-03:00  INFO 30848 --- [mscartoes] [org.springframework.amqp.rabbit.RabbitListenerEndpointContainer#0-2] o.s.a.r.l.SimpleMessageListenerContainer : Waiting for workers to finish.
2024-06-09T19:09:10.557-03:00  INFO 30848 --- [mscartoes] [org.springframework.amqp.rabbit.RabbitListenerEndpointContainer#0-2] o.s.a.r.l.SimpleMessageListenerContainer : Successfully waited for workers to finish.
2024-06-09T19:09:10.570-03:00  INFO 30848 --- [mscartoes] [SpringApplicationShutdownHook] j.LocalContainerEntityManagerFactoryBean : Closing JPA EntityManagerFactory for persistence unit 'default'
2024-06-09T19:09:10.591-03:00  INFO 30848 --- [mscartoes] [SpringApplicationShutdownHook] com.zaxxer.hikari.HikariDataSource       : HikariPool-1 - Shutdown initiated...
2024-06-09T19:09:10.600-03:00  INFO 30848 --- [mscartoes] [SpringApplicationShutdownHook] com.zaxxer.hikari.HikariDataSource       : HikariPool-1 - Shutdown completed.
